Arguments: 
  /usr/local/Cellar/node/8.6.0/bin/node /usr/local/bin/yarn add

PATH: 
  /usr/local/bin:/usr/bin:/bin:/usr/sbin:/sbin

Yarn version: 
  1.5.1

Node version: 
  8.6.0

Platform: 
  darwin x64

npm manifest: 
  {
    "name": "mern",
    "version": "1.0.0",
    "description": "",
    "main": "server.js",
    "scripts": {
      "server": "node server.js",
      "client": "node scripts/start-client.js",
      "start": "concurrently \"nodemon server.js\" \"npm run client\"",
      "build": "node scripts/build.js",
      "seed": "node scripts/seedDB.js",
      "test": "echo \"Error: no test specified\" && exit 1",
      "installDeps": "yarn && cd client && yarn"
    },
    "author": "",
    "license": "ISC",
    "devDependencies": {
      "concurrently": "^3.5.0",
      "nodemon": "^1.11.0"
    },
    "dependencies": {
      "axios": "^0.16.2",
      "body-parser": "^1.17.2",
      "express": "^4.15.4",
      "mongoose": "^5.0.11"
    }
  }

yarn manifest: 
  No manifest

Lockfile: 
  No lockfile

Trace: 
  Error: Missing list of packages to add to your project.
      at new MessageError (/usr/local/lib/node_modules/yarn/lib/cli.js:186:110)
      at Object.<anonymous> (/usr/local/lib/node_modules/yarn/lib/cli.js:40587:13)
      at Generator.next (<anonymous>)
      at step (/usr/local/lib/node_modules/yarn/lib/cli.js:98:30)
      at /usr/local/lib/node_modules/yarn/lib/cli.js:116:14
      at Promise (<anonymous>)
      at F (/usr/local/lib/node_modules/yarn/lib/cli.js:23451:28)
      at Object.<anonymous> (/usr/local/lib/node_modules/yarn/lib/cli.js:95:12)
      at Object.run (/usr/local/lib/node_modules/yarn/lib/cli.js:40599:19)
      at run (/usr/local/lib/node_modules/yarn/lib/cli.js:89113:20)
